2025-12-08 12:51:30,969-INFO-Test case 'test_DQ_Sales_csv_duplicate_check' execution has started...
2025-12-08 12:51:31,042-INFO-Test case 'test_DQ_Sales_csv_duplicate_check' execution has completed...
2025-12-08 12:51:31,047-INFO-Test case 'test_DQ_Product_csv_duplicate_check' execution has started...
2025-12-08 12:51:31,072-INFO-Test case 'test_DQ_Product_csv_duplicate_check' execution has completed...
2025-12-08 12:51:31,076-INFO-Test case 'test_DQ_Inventory_xml_duplicate_check' execution has started...
2025-12-08 12:51:31,298-INFO-Test case 'test_DQ_Inventory_xml_duplicate_check' execution has completed...
2025-12-08 12:51:31,301-INFO-Test case 'test_DQ_Supplier_json_duplicate_check' execution has started...
2025-12-08 12:51:31,333-INFO-Test case 'test_DQ_Supplier_json_duplicate_check' execution has completed...
2025-12-08 12:51:31,336-INFO-Test case 'test_DQ_Sales_csv_duplicate_check_on_sales_id' execution has started...
2025-12-08 12:51:31,339-INFO-Checking duplicates for columns ['sales_id'] in file TestData/sales_data_linux.csv
2025-12-08 12:51:31,340-INFO-No duplicates found in columns ['sales_id']
2025-12-08 12:51:31,341-INFO-Test case 'test_DQ_Sales_csv_duplicate_check_on_sales_id' execution has completed...
2025-12-08 12:51:31,347-INFO-Test case 'test_DQ_Product_csv_duplicate_check_on_product_id' execution has started...
2025-12-08 12:51:31,350-INFO-Checking duplicates for columns ['product_id'] in file TestData/product_data.csv
2025-12-08 12:51:31,351-INFO-No duplicates found in columns ['product_id']
2025-12-08 12:51:31,351-INFO-Test case 'test_DQ_Product_csv_duplicate_check_on_product_id' execution has completed...
2025-12-08 12:51:31,355-INFO-mysql database connection is being established..
2025-12-08 12:51:31,504-INFO-mysql database connection has been established.
2025-12-08 12:51:31,505-INFO-Test case 'test_DQ_fact_sales_table_duplicate_check' execution has started...
2025-12-08 12:51:32,047-INFO-Checking duplicates in table fact_sales
2025-12-08 12:51:32,048-INFO-No duplicates found in table fact_sales
2025-12-08 12:51:32,048-INFO-Test case 'test_DQ_fact_sales_table_duplicate_check' execution has completed...
2025-12-08 12:51:32,050-INFO-mysql database connection has been closed.
2025-12-08 12:51:32,052-INFO-mysql database connection is being established..
2025-12-08 12:51:32,053-INFO-mysql database connection has been established.
2025-12-08 12:51:32,055-INFO-Test case 'test_DQ_fact_inventory_table_duplicate_check' execution has started...
2025-12-08 12:51:32,074-INFO-Checking duplicates in table fact_inventory
2025-12-08 12:51:32,075-INFO-No duplicates found in table fact_inventory
2025-12-08 12:51:32,076-INFO-Test case 'test_DQ_fact_inventory_table_duplicate_check' execution has completed...
2025-12-08 12:51:32,078-INFO-mysql database connection has been closed.
2025-12-08 12:51:32,079-INFO-mysql database connection is being established..
2025-12-08 12:51:32,080-INFO-mysql database connection has been established.
2025-12-08 12:51:32,080-INFO-Test case 'test_DQ_monthly_sales_summary_table_duplicate_check' execution has started...
2025-12-08 12:51:32,099-INFO-Checking duplicates in table monthly_sales_summary
2025-12-08 12:51:32,100-INFO-No duplicates found in table monthly_sales_summary
2025-12-08 12:51:32,100-INFO-Test case 'test_DQ_monthly_sales_summary_table_duplicate_check' execution has completed...
2025-12-08 12:51:32,102-INFO-mysql database connection has been closed.
2025-12-08 12:51:32,103-INFO-mysql database connection is being established..
2025-12-08 12:51:32,104-INFO-mysql database connection has been established.
2025-12-08 12:51:32,105-INFO-Test case 'test_DQ_inventory_levels_by_store_table_duplicate_check' execution has started...
2025-12-08 12:51:32,123-INFO-Checking duplicates in table inventory_levels_by_store
2025-12-08 12:51:32,123-INFO-No duplicates found in table inventory_levels_by_store
2025-12-08 12:51:32,124-INFO-Test case 'test_DQ_inventory_levels_by_store_table_duplicate_check' execution has completed...
2025-12-08 12:51:32,125-INFO-mysql database connection has been closed.
2025-12-08 12:51:32,127-INFO-mysql database connection is being established..
2025-12-08 12:51:32,127-INFO-mysql database connection has been established.
2025-12-08 12:51:32,128-INFO-Test case 'test_DQ_fact_sales_table_duplicate_check_on_sales_id' execution has started...
2025-12-08 12:51:32,150-INFO-Checking duplicates in table fact_sales
2025-12-08 12:51:32,151-INFO-No duplicates found in table fact_sales for columns ['sales_id']
2025-12-08 12:51:32,151-INFO-Test case 'test_DQ_fact_sales_table_duplicate_check_on_sales_id' execution has completed...
2025-12-08 12:51:32,153-INFO-mysql database connection has been closed.
2025-12-08 12:51:32,155-INFO-Test case 'test_DQ_Sales_csv_null_values_check' execution has started...
2025-12-08 12:51:32,159-INFO-Is there a null in sales_data: True
2025-12-08 12:51:32,160-INFO-Test case 'test_DQ_Sales_csv_null_values_check' execution has completed...
2025-12-08 12:51:32,164-INFO-Test case 'test_DQ_Product_csv_null_values_check' execution has started...
2025-12-08 12:51:32,166-INFO-Is there a null in product_data: True
2025-12-08 12:51:32,166-INFO-Test case 'test_DQ_Product_csv_null_values_check' execution has completed...
2025-12-08 12:51:32,171-INFO-Test case 'test_DQ_Inventory_xml_null_values_check' execution has started...
2025-12-08 12:51:32,176-INFO-Is there a null in inventory_data: True
2025-12-08 12:51:32,177-INFO-Test case 'test_DQ_Inventory_xml_null_values_check' execution has completed...
2025-12-08 12:51:32,179-INFO-Test case 'test_DQ_Supplier_json_null_values_check' execution has started...
2025-12-08 12:51:32,187-INFO-Is there a null in supplier_data: True
2025-12-08 12:51:32,187-INFO-Test case 'test_DQ_Supplier_json_null_values_check' execution has completed...
2025-12-08 12:51:32,189-INFO-mysql database connection is being established..
2025-12-08 12:51:32,190-INFO-mysql database connection has been established.
2025-12-08 12:51:32,191-INFO-Test case 'test_DQ_fact_sales_table_null_values_check' execution has started...
2025-12-08 12:51:32,206-INFO-Checking null values in table fact_sales
2025-12-08 12:51:32,207-INFO-No null values found in table fact_sales
2025-12-08 12:51:32,207-INFO-Is there a null in fact_sales: True
2025-12-08 12:51:32,207-INFO-Test case 'test_DQ_fact_sales_table_null_values_check' execution has completed...
2025-12-08 12:51:32,209-INFO-mysql database connection has been closed.
2025-12-08 12:51:32,211-INFO-mysql database connection is being established..
2025-12-08 12:51:32,212-INFO-mysql database connection has been established.
2025-12-08 12:51:32,213-INFO-Test case 'test_DQ_fact_inventory_table_null_values_check' execution has started...
2025-12-08 12:51:32,226-INFO-Checking null values in table fact_inventory
2025-12-08 12:51:32,227-INFO-No null values found in table fact_inventory
2025-12-08 12:51:32,227-INFO-Is there a null in fact_inventory: True
2025-12-08 12:51:32,227-INFO-Test case 'test_DQ_fact_inventory_table_null_values_check' execution has completed...
2025-12-08 12:51:32,229-INFO-mysql database connection has been closed.
2025-12-08 12:51:32,230-INFO-mysql database connection is being established..
2025-12-08 12:51:32,231-INFO-mysql database connection has been established.
2025-12-08 12:51:32,232-INFO-Test case 'test_DQ_monthly_sales_summary_table_null_values_check' execution has started...
2025-12-08 12:51:32,247-INFO-Checking null values in table monthly_sales_summary
2025-12-08 12:51:32,247-INFO-No null values found in table monthly_sales_summary
2025-12-08 12:51:32,247-INFO-Is there a null in monthly_sales_summary: True
2025-12-08 12:51:32,247-INFO-Test case 'test_DQ_monthly_sales_summary_table_null_values_check' execution has completed...
2025-12-08 12:51:32,249-INFO-mysql database connection has been closed.
2025-12-08 12:51:32,250-INFO-mysql database connection is being established..
2025-12-08 12:51:32,251-INFO-mysql database connection has been established.
2025-12-08 12:51:32,251-INFO-Test case 'test_DQ_inventory_levels_by_store_table_null_values_check' execution has started...
2025-12-08 12:51:32,275-INFO-Checking null values in table inventory_levels_by_store
2025-12-08 12:51:32,275-INFO-No null values found in table inventory_levels_by_store
2025-12-08 12:51:32,275-INFO-Is there a null in inventory_levels_by_store: True
2025-12-08 12:51:32,275-INFO-Test case 'test_DQ_inventory_levels_by_store_table_null_values_check' execution has completed...
2025-12-08 12:51:32,277-INFO-mysql database connection has been closed.
2025-12-08 12:51:32,279-INFO-Test case 'test_DQ_Sales_csv_file_availabilty' execution has started...
2025-12-08 12:51:32,280-INFO-Test case 'test_DQ_Sales_csv_file_availabilty' execution has completed...
2025-12-08 12:51:32,283-INFO-Test case 'test_DQ_Product_csv_file_availabilty' execution has started...
2025-12-08 12:51:32,283-INFO-Test case 'test_DQ_Product_csv_file_availabilty' execution has completed...
2025-12-08 12:51:32,287-INFO-Test case 'test_DQ_Inventory_xml_file_availabilty' execution has started...
2025-12-08 12:51:32,287-INFO-Test case 'test_DQ_Inventory_xml_file_availabilty' execution has completed...
2025-12-08 12:51:32,291-INFO-Test case 'test_DQ_Supplier_json_file_availabilty' execution has started...
2025-12-08 12:51:32,292-INFO-Test case 'test_DQ_Supplier_json_file_availabilty' execution has completed...
2025-12-08 12:51:32,298-INFO-Test case 'test_DQ_Sales_csv_file_size_check' execution has started...
2025-12-08 12:51:32,299-INFO-Test case 'test_DQ_Sales_csv_file_size_check' execution has completed...
2025-12-08 12:51:32,302-INFO-Test case 'test_DQ_Product_csv_file_size_check' execution has started...
2025-12-08 12:51:32,302-INFO-Test case 'test_DQ_Product_csv_file_size_check' execution has completed...
2025-12-08 12:51:32,306-INFO-Test case 'test_DQ_Inventory_xml_file_size_check' execution has started...
2025-12-08 12:51:32,306-INFO-Test case 'test_DQ_Inventory_xml_file_size_check' execution has completed...
2025-12-08 12:51:32,315-INFO-Test case 'test_DQ_Supplier_json_file_size_check' execution has started...
2025-12-08 12:51:32,315-INFO-Test case 'test_DQ_Supplier_json_file_size_check' execution has completed...
2025-12-08 12:51:32,325-INFO-mysql database connection is being established..
2025-12-08 12:51:32,325-INFO-mysql database connection has been established.
2025-12-08 12:51:32,327-INFO-Test case 'test_DQ_Referential_Integrity_fact_sales_to_product' execution has started...
2025-12-08 12:51:32,327-INFO-Checking referential integrity: fact_sales.product_id -> staging_product.product_id
2025-12-08 12:51:32,360-INFO-Referential integrity maintained: fact_sales.product_id -> staging_product.product_id
2025-12-08 12:51:32,361-INFO-Test case 'test_DQ_Referential_Integrity_fact_sales_to_product' execution has completed...
2025-12-08 12:51:32,363-INFO-mysql database connection has been closed.
2025-12-08 12:51:32,365-INFO-mysql database connection is being established..
2025-12-08 12:51:32,366-INFO-mysql database connection has been established.
2025-12-08 12:51:32,367-INFO-Test case 'test_DQ_Referential_Integrity_fact_sales_to_stores' execution has started...
2025-12-08 12:51:32,368-INFO-Checking referential integrity: fact_sales.store_id -> staging_stores.store_id
2025-12-08 12:51:32,391-INFO-Referential integrity maintained: fact_sales.store_id -> staging_stores.store_id
2025-12-08 12:51:32,391-INFO-Test case 'test_DQ_Referential_Integrity_fact_sales_to_stores' execution has completed...
2025-12-08 12:51:32,393-INFO-mysql database connection has been closed.
2025-12-08 12:51:32,395-INFO-mysql database connection is being established..
2025-12-08 12:51:32,396-INFO-mysql database connection has been established.
2025-12-08 12:51:32,397-INFO-Test case 'test_DQ_Referential_Integrity_fact_inventory_to_product' execution has started...
2025-12-08 12:51:32,397-INFO-Checking referential integrity: fact_inventory.product_id -> staging_product.product_id
2025-12-08 12:51:32,409-INFO-Referential integrity maintained: fact_inventory.product_id -> staging_product.product_id
2025-12-08 12:51:32,410-INFO-Test case 'test_DQ_Referential_Integrity_fact_inventory_to_product' execution has completed...
2025-12-08 12:51:32,412-INFO-mysql database connection has been closed.
2025-12-08 12:51:32,413-INFO-mysql database connection is being established..
2025-12-08 12:51:32,414-INFO-mysql database connection has been established.
2025-12-08 12:51:32,415-INFO-Test case 'test_DQ_Referential_Integrity_fact_inventory_to_stores' execution has started...
2025-12-08 12:51:32,415-INFO-Checking referential integrity: fact_inventory.store_id -> staging_stores.store_id
2025-12-08 12:51:32,426-INFO-Referential integrity maintained: fact_inventory.store_id -> staging_stores.store_id
2025-12-08 12:51:32,426-INFO-Test case 'test_DQ_Referential_Integrity_fact_inventory_to_stores' execution has completed...
2025-12-08 12:51:32,428-INFO-mysql database connection has been closed.
2025-12-08 12:51:32,430-INFO-mysql database connection is being established..
2025-12-08 12:51:32,431-INFO-mysql database connection has been established.
2025-12-08 12:51:32,432-INFO-Test case 'test_DQ_Schema_Validation_fact_sales' execution has started...
2025-12-08 12:51:32,432-INFO-Checking schema for table fact_sales
2025-12-08 12:51:32,450-INFO-Schema validation passed for fact_sales
2025-12-08 12:51:32,450-INFO-Test case 'test_DQ_Schema_Validation_fact_sales' execution has completed...
2025-12-08 12:51:32,452-INFO-mysql database connection has been closed.
2025-12-08 12:51:32,453-INFO-mysql database connection is being established..
2025-12-08 12:51:32,454-INFO-mysql database connection has been established.
2025-12-08 12:51:32,455-INFO-Test case 'test_DQ_Schema_Validation_fact_inventory' execution has started...
2025-12-08 12:51:32,455-INFO-Checking schema for table fact_inventory
2025-12-08 12:51:32,471-INFO-Schema validation passed for fact_inventory
2025-12-08 12:51:32,471-INFO-Test case 'test_DQ_Schema_Validation_fact_inventory' execution has completed...
2025-12-08 12:51:32,472-INFO-mysql database connection has been closed.
2025-12-08 12:51:32,473-INFO-mysql database connection is being established..
2025-12-08 12:51:32,474-INFO-mysql database connection has been established.
2025-12-08 12:51:32,475-INFO-Test case 'test_DQ_Schema_Validation_monthly_sales_summary' execution has started...
2025-12-08 12:51:32,475-INFO-Checking schema for table monthly_sales_summary
2025-12-08 12:51:32,494-INFO-Schema validation passed for monthly_sales_summary
2025-12-08 12:51:32,495-INFO-Test case 'test_DQ_Schema_Validation_monthly_sales_summary' execution has completed...
2025-12-08 12:51:32,497-INFO-mysql database connection has been closed.
2025-12-08 12:51:32,498-INFO-mysql database connection is being established..
2025-12-08 12:51:32,499-INFO-mysql database connection has been established.
2025-12-08 12:51:32,501-INFO-Test case 'test_DQ_Schema_Validation_inventory_levels_by_store' execution has started...
2025-12-08 12:51:32,501-INFO-Checking schema for table inventory_levels_by_store
2025-12-08 12:51:32,522-INFO-Schema validation passed for inventory_levels_by_store
2025-12-08 12:51:32,522-INFO-Test case 'test_DQ_Schema_Validation_inventory_levels_by_store' execution has completed...
2025-12-08 12:51:32,524-INFO-mysql database connection has been closed.
